Sun 01 Dec 2024 21:06:04 INFO  
General Hyper Parameters:
gpu_id = 0
use_gpu = True
seed = 2020
state = INFO
reproducibility = True
data_path = ../../02_feature_eng_and_ready_data/ready_data\data_for_DeepFM
checkpoint_dir = saved
show_progress = True
save_dataset = False
dataset_save_path = None
save_dataloaders = False
dataloaders_save_path = None
log_wandb = False

Training Hyper Parameters:
epochs = 3
train_batch_size = 256
learner = adam
learning_rate = 0.001
train_neg_sample_args = {'distribution': 'none', 'sample_num': 'none', 'alpha': 'none', 'dynamic': False, 'candidate_num': 0}
eval_step = 1
stopping_step = 10
clip_grad_norm = None
weight_decay = 0.0
loss_decimal_place = 4

Evaluation Hyper Parameters:
eval_args = {'split': {'RS': [0.8, 0.1, 0.1]}, 'order': 'RO', 'group_by': None, 'mode': {'valid': 'labeled', 'test': 'labeled'}}
repeatable = False
metrics = ['AUC', 'LogLoss']
topk = [10]
valid_metric = AUC
valid_metric_bigger = True
eval_batch_size = 4096
metric_decimal_place = 4

Dataset Hyper Parameters:
field_separator = ,
seq_separator =  
USER_ID_FIELD = user_id
ITEM_ID_FIELD = item_id
RATING_FIELD = None
TIME_FIELD = None
seq_len = None
LABEL_FIELD = label
threshold = None
NEG_PREFIX = neg_
load_col = {'inter': ['user_id', 'item_id', 'label'], 'user': ['user_id', 'gender', 'age'], 'item': ['item_id', 'video_source_id', 'video_duration']}
unload_col = None
unused_col = None
additional_feat_suffix = None
rm_dup_inter = None
val_interval = None
filter_inter_by_user_or_item = True
user_inter_num_interval = [0,inf)
item_inter_num_interval = [0,inf)
alias_of_user_id = None
alias_of_item_id = None
alias_of_entity_id = None
alias_of_relation_id = None
preload_weight = None
normalize_field = None
normalize_all = None
ITEM_LIST_LENGTH_FIELD = item_length
LIST_SUFFIX = _list
MAX_ITEM_LIST_LENGTH = 50
POSITION_FIELD = position_id
HEAD_ENTITY_ID_FIELD = head_id
TAIL_ENTITY_ID_FIELD = tail_id
RELATION_ID_FIELD = relation_id
ENTITY_ID_FIELD = entity_id
benchmark_filename = None

Other Hyper Parameters: 
worker = 0
wandb_project = recbole
shuffle = True
require_pow = False
enable_amp = False
enable_scaler = False
transform = None
embedding_size = 64
mlp_hidden_size = [128, 128, 128]
dropout_prob = 0.2
numerical_features = []
discretization = None
kg_reverse_r = False
entity_kg_num_interval = [0,inf)
relation_kg_num_interval = [0,inf)
MODEL_TYPE = ModelType.CONTEXT
MODEL_INPUT_TYPE = InputType.POINTWISE
eval_type = EvaluatorType.VALUE
single_spec = True
local_rank = 0
device = cuda
valid_neg_sample_args = {'distribution': 'none', 'sample_num': 'none'}
test_neg_sample_args = {'distribution': 'none', 'sample_num': 'none'}


Sun 01 Dec 2024 21:06:09 INFO  data_for_DeepFM
The number of users: 162958
Average actions of users: 6.136588179703848
The number of items: 154670
Average actions of items: 6.465419702720002
The number of inters: 1000000
The sparsity of the dataset: 99.99603248818632%
Remain Fields: ['user_id', 'item_id', 'label', 'video_source_id', 'video_duration']
Sun 01 Dec 2024 21:06:10 INFO  [Training]: train_batch_size = [256] train_neg_sample_args: [{'distribution': 'none', 'sample_num': 'none', 'alpha': 'none', 'dynamic': False, 'candidate_num': 0}]
Sun 01 Dec 2024 21:06:10 INFO  [Evaluation]: eval_batch_size = [4096] eval_args: [{'split': {'RS': [0.8, 0.1, 0.1]}, 'order': 'RO', 'group_by': None, 'mode': {'valid': 'labeled', 'test': 'labeled'}}]
Sun 01 Dec 2024 21:06:10 INFO  DeepFM(
  (token_embedding_table): FMEmbedding(
    (embedding): Embedding(331505, 64)
  )
  (first_order_linear): FMFirstOrderLinear(
    (token_embedding_table): FMEmbedding(
      (embedding): Embedding(331505, 1)
    )
  )
  (fm): BaseFactorizationMachine()
  (mlp_layers): MLPLayers(
    (mlp_layers): Sequential(
      (0): Dropout(p=0.2, inplace=False)
      (1): Linear(in_features=256, out_features=128, bias=True)
      (2): ReLU()
      (3): Dropout(p=0.2, inplace=False)
      (4): Linear(in_features=128, out_features=128, bias=True)
      (5): ReLU()
      (6): Dropout(p=0.2, inplace=False)
      (7): Linear(in_features=128, out_features=128, bias=True)
      (8): ReLU()
    )
  )
  (deep_predict_layer): Linear(in_features=128, out_features=1, bias=True)
  (sigmoid): Sigmoid()
  (loss): BCEWithLogitsLoss()
)
Trainable parameters: 21613875
Sun 01 Dec 2024 21:06:50 INFO  epoch 0 training [time: 38.78s, train loss: 59861.1387]
Sun 01 Dec 2024 21:06:50 INFO  epoch 0 evaluating [time: 0.13s, valid_score: 0.497200]
Sun 01 Dec 2024 21:06:50 INFO  valid result: 
auc : 0.4972    logloss : 0.2293
Sun 01 Dec 2024 21:06:50 INFO  Saving current: saved\DeepFM-Dec-01-2024_21-06-10.pth
Sun 01 Dec 2024 21:07:29 INFO  epoch 1 training [time: 38.43s, train loss: -36412249.8139]
Sun 01 Dec 2024 21:07:29 INFO  epoch 1 evaluating [time: 0.14s, valid_score: 0.487900]
Sun 01 Dec 2024 21:07:29 INFO  valid result: 
auc : 0.4879    logloss : 0.5226
Sun 01 Dec 2024 21:08:07 INFO  epoch 2 training [time: 38.44s, train loss: -4478950702.4160]
Sun 01 Dec 2024 21:08:08 INFO  epoch 2 evaluating [time: 0.14s, valid_score: 0.489600]
Sun 01 Dec 2024 21:08:08 INFO  valid result: 
auc : 0.4896    logloss : 0.8711
Sun 01 Dec 2024 21:08:17 INFO  Loading model structure and parameters from saved\DeepFM-Dec-01-2024_21-06-10.pth
